<?xml version="1.0" encoding="UTF-8"?>
<testng-results skipped="0" failed="0" total="1" passed="1">
  <reporter-output>
  </reporter-output>
  <suite name="Default suite" duration-ms="16173" started-at="2016-05-22T04:37:50Z" finished-at="2016-05-22T04:38:07Z">
    <groups>
    </groups>
    <test name="Default test" duration-ms="16173" started-at="2016-05-22T04:37:50Z" finished-at="2016-05-22T04:38:07Z">
      <class name="testing.A">
        <test-method status="PASS" signature="tcase1()[pri:0, instance:testing.A@18e8568]" name="tcase1" duration-ms="16149" started-at="2016-05-22T10:07:50Z" finished-at="2016-05-22T10:08:07Z">
          <reporter-output>
          </reporter-output>
        </test-method> <!-- tcase1 -->
      </class> <!-- testing.A -->
    </test> <!-- Default test -->
  </suite> <!-- Default suite -->
</testng-results>
